<?xml version="1.0" encoding="UTF-8"?>
<!-- Generated by org.testng.reporters.JUnitReportReporter -->
<testsuite skipped="0" hostname="DESKTOP-PGDBN7P" name="CaptureScreentshot.ScreenShot" tests="1" failures="0" timestamp="06 Mar 2019 21:42:07 GMT" time="30.344" errors="0">
  <testcase name="ScreenShot" time="30.344" classname="CaptureScreentshot.ScreenShot"/>
</testsuite> <!-- CaptureScreentshot.ScreenShot -->
