<?xml version="1.0" encoding="UTF-8"?>
<!-- Generated by org.testng.reporters.JUnitReportReporter -->
<testsuite skipped="0" hostname="DESKTOP-PGDBN7P" name="utils.ExcelDataProvider" tests="4" failures="0" timestamp="06 Mar 2019 22:30:50 GMT" time="22.058" errors="0">
  <testcase name="test1" time="6.060" classname="utils.ExcelDataProvider"/>
  <testcase name="test1" time="4.883" classname="utils.ExcelDataProvider"/>
  <testcase name="test1" time="4.502" classname="utils.ExcelDataProvider"/>
  <testcase name="test1" time="6.613" classname="utils.ExcelDataProvider"/>
</testsuite> <!-- utils.ExcelDataProvider -->
